This is pdfTeX, Version 3.141592653-2.6-1.40.24 (MiKTeX 22.1) (preloaded format=pdflatex 2024.9.15)  15 AUG 2025 23:22
entering extended mode
 \write18 enabled.
 file:line:error style messages enabled.
 %&-line parsing enabled.
**/Users/ajaysrinivasan/Documents/LaTeX_Stuff/The_Motivic_Monadicity_Theorem/draft.tex
(/Users/ajaysrinivasan/Documents/LaTeX_Stuff/The_Motivic_Monadicity_Theorem/draft.tex
LaTeX2e <2024-06-01> patch level 2
L3 programming layer <2024-08-16>
(/Users/ajaysrinivasan/Library/Application Support/MiKTeX/texmfs/install/tex/latex/amscls/amsart.cls
Document Class: amsart 2020/05/29 v2.20.6
\linespacing=\dimen141
\normalparindent=\dimen142
\normaltopskip=\skip49
(/Users/ajaysrinivasan/Library/Application Support/MiKTeX/texmfs/install/tex/latex/amsmath/amsmath.sty
Package: amsmath 2024/05/23 v2.17q AMS math features
\@mathmargin=\skip50

For additional information on amsmath, use the `?' option.
(/Users/ajaysrinivasan/Library/Application Support/MiKTeX/texmfs/install/tex/latex/amsmath/amstext.sty
Package: amstext 2021/08/26 v2.01 AMS text
 (/Users/ajaysrinivasan/Library/Application Support/MiKTeX/texmfs/install/tex/latex/amsmath/amsgen.sty
File: amsgen.sty 1999/11/30 v2.0 generic functions
\@emptytoks=\toks17
\ex@=\dimen143
)) (/Users/ajaysrinivasan/Library/Application Support/MiKTeX/texmfs/install/tex/latex/amsmath/amsbsy.sty
Package: amsbsy 1999/11/29 v1.2d Bold Symbols
\pmbraise@=\dimen144
) (/Users/ajaysrinivasan/Library/Application Support/MiKTeX/texmfs/install/tex/latex/amsmath/amsopn.sty
Package: amsopn 2022/04/08 v2.04 operator names
)
\inf@bad=\count194
LaTeX Info: Redefining \frac on input line 233.
\uproot@=\count195
\leftroot@=\count196
LaTeX Info: Redefining \overline on input line 398.
LaTeX Info: Redefining \colon on input line 409.
\classnum@=\count197
\DOTSCASE@=\count198
LaTeX Info: Redefining \ldots on input line 495.
LaTeX Info: Redefining \dots on input line 498.
LaTeX Info: Redefining \cdots on input line 619.
\Mathstrutbox@=\box52
\strutbox@=\box53
LaTeX Info: Redefining \big on input line 721.
LaTeX Info: Redefining \Big on input line 722.
LaTeX Info: Redefining \bigg on input line 723.
LaTeX Info: Redefining \Bigg on input line 724.
\big@size=\dimen145
LaTeX Font Info:    Redeclaring font encoding OML on input line 742.
LaTeX Font Info:    Redeclaring font encoding OMS on input line 743.
\macc@depth=\count199
LaTeX Info: Redefining \bmod on input line 904.
LaTeX Info: Redefining \pmod on input line 909.
LaTeX Info: Redefining \smash on input line 939.
LaTeX Info: Redefining \relbar on input line 969.
LaTeX Info: Redefining \Relbar on input line 970.
\c@MaxMatrixCols=\count266
\dotsspace@=\muskip17
\c@parentequation=\count267
\dspbrk@lvl=\count268
\tag@help=\toks18
\row@=\count269
\column@=\count270
\maxfields@=\count271
\andhelp@=\toks19
\eqnshift@=\dimen146
\alignsep@=\dimen147
\tagshift@=\dimen148
\tagwidth@=\dimen149
\totwidth@=\dimen150
\lineht@=\dimen151
\@envbody=\toks20
\multlinegap=\skip51
\multlinetaggap=\skip52
\mathdisplay@stack=\toks21
LaTeX Info: Redefining \[ on input line 2953.
LaTeX Info: Redefining \] on input line 2954.
)
LaTeX Font Info:    Trying to load font information for U+msa on input line 397.
 (/Users/ajaysrinivasan/Library/Application Support/MiKTeX/texmfs/install/tex/latex/amsfonts/umsa.fd
File: umsa.fd 2013/01/14 v3.01 AMS symbols A
) (/Users/ajaysrinivasan/Library/Application Support/MiKTeX/texmfs/install/tex/latex/amsfonts/amsfonts.sty
Package: amsfonts 2013/01/14 v3.01 Basic AMSFonts support
\symAMSa=\mathgroup4
\symAMSb=\mathgroup5
LaTeX Font Info:    Redeclaring math symbol \hbar on input line 98.
LaTeX Font Info:    Overwriting math alphabet `\mathfrak' in version `bold'
(Font)                  U/euf/m/n --> U/euf/b/n on input line 106.
)
\copyins=\insert252
\abstractbox=\box54
\listisep=\skip53
\c@part=\count272
\c@section=\count273
\c@subsection=\count274
\c@subsubsection=\count275
\c@paragraph=\count276
\c@subparagraph=\count277
\c@figure=\count278
\c@table=\count279
\abovecaptionskip=\skip54
\belowcaptionskip=\skip55
\captionindent=\dimen152
\thm@style=\toks22
\thm@bodyfont=\toks23
\thm@headfont=\toks24
\thm@notefont=\toks25
\thm@headpunct=\toks26
\thm@preskip=\skip56
\thm@postskip=\skip57
\thm@headsep=\skip58
\dth@everypar=\toks27
) (/Users/ajaysrinivasan/Library/Application Support/MiKTeX/texmfs/install/tex/latex/graphics/graphicx.sty
Package: graphicx 2021/09/16 v1.2d Enhanced LaTeX Graphics (DPC,SPQR)
 (/Users/ajaysrinivasan/Library/Application Support/MiKTeX/texmfs/install/tex/latex/graphics/keyval.sty
Package: keyval 2022/05/29 v1.15 key=value parser (DPC)
\KV@toks@=\toks28
) (/Users/ajaysrinivasan/Library/Application Support/MiKTeX/texmfs/install/tex/latex/graphics/graphics.sty
Package: graphics 2024/05/23 v1.4g Standard LaTeX Graphics (DPC,SPQR)
 (/Users/ajaysrinivasan/Library/Application Support/MiKTeX/texmfs/install/tex/latex/graphics/trig.sty
Package: trig 2023/12/02 v1.11 sin cos tan (DPC)
) (/Users/ajaysrinivasan/Library/Application Support/MiKTeX/texmfs/install/tex/latex/graphics-cfg/graphics.cfg
File: graphics.cfg 2016/06/04 v1.11 sample graphics configuration
)
Package graphics Info: Driver file: pdftex.def on input line 106.
 (/Users/ajaysrinivasan/Library/Application Support/MiKTeX/texmfs/install/tex/latex/graphics-def/pdftex.def
File: pdftex.def 2024/04/13 v1.2c Graphics/color driver for pdftex
))
\Gin@req@height=\dimen153
\Gin@req@width=\dimen154
) (/Users/ajaysrinivasan/Library/Application Support/MiKTeX/texmfs/install/tex/latex/xcolor/xcolor.sty
Package: xcolor 2023/11/15 v3.01 LaTeX color extensions (UK)
 (/Users/ajaysrinivasan/Library/Application Support/MiKTeX/texmfs/install/tex/latex/graphics-cfg/color.cfg
File: color.cfg 2016/01/02 v1.6 sample color configuration
)
Package xcolor Info: Driver file: pdftex.def on input line 274.
 (/Users/ajaysrinivasan/Library/Application Support/MiKTeX/texmfs/install/tex/latex/graphics/mathcolor.ltx)
Package xcolor Info: Model `cmy' substituted by `cmy0' on input line 1350.
Package xcolor Info: Model `hsb' substituted by `rgb' on input line 1354.
Package xcolor Info: Model `RGB' extended on input line 1366.
Package xcolor Info: Model `HTML' substituted by `rgb' on input line 1368.
Package xcolor Info: Model `Hsb' substituted by `hsb' on input line 1369.
Package xcolor Info: Model `tHsb' substituted by `hsb' on input line 1370.
Package xcolor Info: Model `HSB' substituted by `hsb' on input line 1371.
Package xcolor Info: Model `Gray' substituted by `gray' on input line 1372.
Package xcolor Info: Model `wave' substituted by `hsb' on input line 1373.
) (/Users/ajaysrinivasan/Library/Application Support/MiKTeX/texmfs/install/tex/latex/graphics/dvipsnam.def
File: dvipsnam.def 2016/06/17 v3.0m Driver-dependent file (DPC,SPQR)
) (/Users/ajaysrinivasan/Library/Application Support/MiKTeX/texmfs/install/tex/latex/amsfonts/amssymb.sty
Package: amssymb 2013/01/14 v3.01 AMS font symbols
) (/Users/ajaysrinivasan/Library/Application Support/MiKTeX/texmfs/install/tex/latex/oberdiek/stackrel.sty
Package: stackrel 2016/05/16 v1.3 Adding subscript option to stackrel (HO)
 (/Users/ajaysrinivasan/Library/Application Support/MiKTeX/texmfs/install/tex/generic/etexcmds/etexcmds.sty
Package: etexcmds 2019/12/15 v1.7 Avoid name clashes with e-TeX commands (HO)
 (/Users/ajaysrinivasan/Library/Application Support/MiKTeX/texmfs/install/tex/generic/infwarerr/infwarerr.sty
Package: infwarerr 2019/12/03 v1.5 Providing info/warning/error messages (HO)
) (/Users/ajaysrinivasan/Library/Application Support/MiKTeX/texmfs/install/tex/generic/iftex/iftex.sty
Package: iftex 2022/02/03 v1.0f TeX engine tests
)) (/Users/ajaysrinivasan/Library/Application Support/MiKTeX/texmfs/install/tex/generic/pdftexcmds/pdftexcmds.sty
Package: pdftexcmds 2020-06-27 v0.33 Utility functions of pdfTeX for LuaTeX (HO)
 (/Users/ajaysrinivasan/Library/Application Support/MiKTeX/texmfs/install/tex/generic/ltxcmds/ltxcmds.sty
Package: ltxcmds 2023-12-04 v1.26 LaTeX kernel commands for general use (HO)
)
Package pdftexcmds Info: \pdf@primitive is available.
Package pdftexcmds Info: \pdf@ifprimitive is available.
Package pdftexcmds Info: \pdfdraftmode found.
)) (/Users/ajaysrinivasan/Library/Application Support/MiKTeX/texmfs/install/tex/latex/biblatex/biblatex.sty
Package: biblatex 2024/03/21 v3.20 programmable bibliographies (PK/MW)
 (/Users/ajaysrinivasan/Library/Application Support/MiKTeX/texmfs/install/tex/latex/etoolbox/etoolbox.sty
Package: etoolbox 2020/10/05 v2.5k e-TeX tools for LaTeX (JAW)
\etb@tempcnta=\count280
) (/Users/ajaysrinivasan/Library/Application Support/MiKTeX/texmfs/install/tex/latex/kvoptions/kvoptions.sty
Package: kvoptions 2022-06-15 v3.15 Key value format for package options (HO)
 (/Users/ajaysrinivasan/Library/Application Support/MiKTeX/texmfs/install/tex/latex/kvsetkeys/kvsetkeys.sty
Package: kvsetkeys 2022-10-05 v1.19 Key value parser (HO)
)) (/Users/ajaysrinivasan/Library/Application Support/MiKTeX/texmfs/install/tex/latex/logreq/logreq.sty
Package: logreq 2010/08/04 v1.0 xml request logger
\lrq@indent=\count281
 (/Users/ajaysrinivasan/Library/Application Support/MiKTeX/texmfs/install/tex/latex/logreq/logreq.def
File: logreq.def 2010/08/04 v1.0 logreq spec v1.0
)) (/Users/ajaysrinivasan/Library/Application Support/MiKTeX/texmfs/install/tex/latex/base/ifthen.sty
Package: ifthen 2024/03/16 v1.1e Standard LaTeX ifthen package (DPC)
) (/Users/ajaysrinivasan/Library/Application Support/MiKTeX/texmfs/install/tex/latex/url/url.sty
\Urlmuskip=\muskip18
Package: url 2013/09/16  ver 3.4  Verb mode for urls, etc.
)
\c@tabx@nest=\count282
\c@listtotal=\count283
\c@listcount=\count284
\c@liststart=\count285
\c@liststop=\count286
\c@citecount=\count287
\c@citetotal=\count288
\c@multicitecount=\count289
\c@multicitetotal=\count290
\c@instcount=\count291
\c@maxnames=\count292
\c@minnames=\count293
\c@maxitems=\count294
\c@minitems=\count295
\c@citecounter=\count296
\c@maxcitecounter=\count297
\c@savedcitecounter=\count298
\c@uniquelist=\count299
\c@uniquename=\count300
\c@refsection=\count301
\c@refsegment=\count302
\c@maxextratitle=\count303
\c@maxextratitleyear=\count304
\c@maxextraname=\count305
\c@maxextradate=\count306
\c@maxextraalpha=\count307
\c@abbrvpenalty=\count308
\c@highnamepenalty=\count309
\c@lownamepenalty=\count310
\c@maxparens=\count311
\c@parenlevel=\count312
\blx@tempcnta=\count313
\blx@tempcntb=\count314
\blx@tempcntc=\count315
\c@blx@maxsection=\count316
\blx@maxsegment@0=\count317
\blx@notetype=\count318
\blx@parenlevel@text=\count319
\blx@parenlevel@foot=\count320
\blx@sectionciteorder@0=\count321
\blx@sectionciteorderinternal@0=\count322
\blx@entrysetcounter=\count323
\blx@biblioinstance=\count324
\labelnumberwidth=\skip59
\labelalphawidth=\skip60
\biblabelsep=\skip61
\bibitemsep=\skip62
\bibnamesep=\skip63
\bibinitsep=\skip64
\bibparsep=\skip65
\bibhang=\skip66
\blx@bcfin=\read2
\blx@bcfout=\write3
\blx@langwohyphens=\language79
\c@mincomprange=\count325
\c@maxcomprange=\count326
\c@mincompwidth=\count327
Package biblatex Info: Trying to load biblatex default data model...
Package biblatex Info: ... file 'blx-dm.def' found.
 (/Users/ajaysrinivasan/Library/Application Support/MiKTeX/texmfs/install/tex/latex/biblatex/blx-dm.def
File: blx-dm.def 2024/03/21 v3.20 biblatex datamodel (PK/MW)
)
Package biblatex Info: Trying to load biblatex style data model...
Package biblatex Info: ... file 'alphabetic.dbx' not found.
Package biblatex Info: Trying to load biblatex custom data model...
Package biblatex Info: ... file 'biblatex-dm.cfg' not found.
\c@afterword=\count328
\c@savedafterword=\count329
\c@annotator=\count330
\c@savedannotator=\count331
\c@author=\count332
\c@savedauthor=\count333
\c@bookauthor=\count334
\c@savedbookauthor=\count335
\c@commentator=\count336
\c@savedcommentator=\count337
\c@editor=\count338
\c@savededitor=\count339
\c@editora=\count340
\c@savededitora=\count341
\c@editorb=\count342
\c@savededitorb=\count343
\c@editorc=\count344
\c@savededitorc=\count345
\c@foreword=\count346
\c@savedforeword=\count347
\c@holder=\count348
\c@savedholder=\count349
\c@introduction=\count350
\c@savedintroduction=\count351
\c@namea=\count352
\c@savednamea=\count353
\c@nameb=\count354
\c@savednameb=\count355
\c@namec=\count356
\c@savednamec=\count357
\c@translator=\count358
\c@savedtranslator=\count359
\c@shortauthor=\count360
\c@savedshortauthor=\count361
\c@shorteditor=\count362
\c@savedshorteditor=\count363
\c@labelname=\count364
\c@savedlabelname=\count365
\c@institution=\count366
\c@savedinstitution=\count367
\c@lista=\count368
\c@savedlista=\count369
\c@listb=\count370
\c@savedlistb=\count371
\c@listc=\count372
\c@savedlistc=\count373
\c@listd=\count374
\c@savedlistd=\count375
\c@liste=\count376
\c@savedliste=\count377
\c@listf=\count378
\c@savedlistf=\count379
\c@location=\count380
\c@savedlocation=\count381
\c@organization=\count382
\c@savedorganization=\count383
\c@origlocation=\count384
\c@savedoriglocation=\count385
\c@origpublisher=\count386
\c@savedorigpublisher=\count387
\c@publisher=\count388
\c@savedpublisher=\count389
\c@language=\count390
\c@savedlanguage=\count391
\c@origlanguage=\count392
\c@savedoriglanguage=\count393
\c@pageref=\count394
\c@savedpageref=\count395
\shorthandwidth=\skip67
\shortjournalwidth=\skip68
\shortserieswidth=\skip69
\shorttitlewidth=\skip70
\shortauthorwidth=\skip71
\shorteditorwidth=\skip72
\locallabelnumberwidth=\skip73
\locallabelalphawidth=\skip74
\localshorthandwidth=\skip75
\localshortjournalwidth=\skip76
\localshortserieswidth=\skip77
\localshorttitlewidth=\skip78
\localshortauthorwidth=\skip79
\localshorteditorwidth=\skip80
Package biblatex Info: Trying to load compatibility code...
Package biblatex Info: ... file 'blx-compat.def' found.
 (/Users/ajaysrinivasan/Library/Application Support/MiKTeX/texmfs/install/tex/latex/biblatex/blx-compat.def
File: blx-compat.def 2024/03/21 v3.20 biblatex compatibility (PK/MW)
)
Package biblatex Info: Trying to load generic definitions...
Package biblatex Info: ... file 'biblatex.def' found.
 (/Users/ajaysrinivasan/Library/Application Support/MiKTeX/texmfs/install/tex/latex/biblatex/biblatex.def
File: biblatex.def 2024/03/21 v3.20 biblatex compatibility (PK/MW)
\c@textcitecount=\count396
\c@textcitetotal=\count397
\c@textcitemaxnames=\count398
\c@biburlbigbreakpenalty=\count399
\c@biburlbreakpenalty=\count400
\c@biburlnumpenalty=\count401
\c@biburlucpenalty=\count402
\c@biburllcpenalty=\count403
\biburlbigskip=\muskip19
\biburlnumskip=\muskip20
\biburlucskip=\muskip21
\biburllcskip=\muskip22
\c@smartand=\count404
)
Package biblatex Info: Trying to load bibliography style 'alphabetic'...
Package biblatex Info: ... file 'alphabetic.bbx' found.
 (/Users/ajaysrinivasan/Library/Application Support/MiKTeX/texmfs/install/tex/latex/biblatex/bbx/alphabetic.bbx
File: alphabetic.bbx 2024/03/21 v3.20 biblatex bibliography style (PK/MW)
Package biblatex Info: Trying to load bibliography style 'standard'...
Package biblatex Info: ... file 'standard.bbx' found.
 (/Users/ajaysrinivasan/Library/Application Support/MiKTeX/texmfs/install/tex/latex/biblatex/bbx/standard.bbx
File: standard.bbx 2024/03/21 v3.20 biblatex bibliography style (PK/MW)
\c@bbx:relatedcount=\count405
\c@bbx:relatedtotal=\count406
))
Package biblatex Info: Trying to load citation style 'alphabetic'...
Package biblatex Info: ... file 'alphabetic.cbx' found.
 (/Users/ajaysrinivasan/Library/Application Support/MiKTeX/texmfs/install/tex/latex/biblatex/cbx/alphabetic.cbx
File: alphabetic.cbx 2024/03/21 v3.20 biblatex citation style (PK/MW)
Package biblatex Info: Redefining '\cite'.
Package biblatex Info: Redefining '\parencite'.
Package biblatex Info: Redefining '\footcite'.
Package biblatex Info: Redefining '\footcitetext'.
Package biblatex Info: Redefining '\smartcite'.
Package biblatex Info: Redefining '\textcite'.
Package biblatex Info: Redefining '\textcites'.
Package biblatex Info: Redefining '\cites'.
Package biblatex Info: Redefining '\parencites'.
Package biblatex Info: Redefining '\smartcites'.
)
Package biblatex Info: Trying to load configuration file...
Package biblatex Info: ... file 'biblatex.cfg' found.
 (/Users/ajaysrinivasan/Library/Application Support/MiKTeX/texmfs/install/tex/latex/biblatex/biblatex.cfg
File: biblatex.cfg 
)
Package biblatex Info: Input encoding 'utf8' detected.
Package biblatex Info: Document encoding is UTF8 ....
 (/Users/ajaysrinivasan/Library/Application Support/MiKTeX/texmfs/install/tex/latex/l3kernel/expl3.sty
Package: expl3 2024-08-16 L3 programming layer (loader) 
 (/Users/ajaysrinivasan/Library/Application Support/MiKTeX/texmfs/install/tex/latex/l3backend/l3backend-pdftex.def
File: l3backend-pdftex.def 2024-05-08 L3 backend support: PDF output (pdfTeX)
\l__color_backend_stack_int=\count407
\l__pdf_internal_box=\box55
))
Package biblatex Info: ... and expl3
(biblatex)             2024-08-16 L3 programming layer (loader) 
(biblatex)             is new enough (at least 2020/04/06),
(biblatex)             setting 'casechanger=expl3'.
 (/Users/ajaysrinivasan/Library/Application Support/MiKTeX/texmfs/install/tex/latex/biblatex/blx-case-expl3.sty (/Users/ajaysrinivasan/Library/Application Support/MiKTeX/texmfs/install/tex/latex/l3packages/xparse/xparse.sty
Package: xparse 2024-08-16 L3 Experimental document command parser
)
Package: blx-case-expl3 2024/03/21 v3.20 expl3 case changing code for biblatex
)) (/Users/ajaysrinivasan/Library/Application Support/MiKTeX/texmfs/install/tex/latex/jknappen/mathrsfs.sty
Package: mathrsfs 1996/01/01 Math RSFS package v1.0 (jk)
\symrsfs=\mathgroup6
) (/Users/ajaysrinivasan/Library/Application Support/MiKTeX/texmfs/install/tex/latex/outlines/outlines.sty
Package: outlines 2012/1/23 1.1 Ch. Pecheur
) (/Users/ajaysrinivasan/Library/Application Support/MiKTeX/texmfs/install/tex/latex/tikz-cd/tikz-cd.sty
Package: tikz-cd 2021/05/04 v1.0 Commutative diagrams with TikZ
 (/Users/ajaysrinivasan/Library/Application Support/MiKTeX/texmfs/install/tex/latex/pgf/frontendlayer/tikz.sty (/Users/ajaysrinivasan/Library/Application Support/MiKTeX/texmfs/install/tex/latex/pgf/basiclayer/pgf.sty (/Users/ajaysrinivasan/Library/Application Support/MiKTeX/texmfs/install/tex/latex/pgf/utilities/pgfrcs.sty (/Users/ajaysrinivasan/Library/Application Support/MiKTeX/texmfs/install/tex/generic/pgf/utilities/pgfutil-common.tex
\pgfutil@everybye=\toks29
\pgfutil@tempdima=\dimen155
\pgfutil@tempdimb=\dimen156
) (/Users/ajaysrinivasan/Library/Application Support/MiKTeX/texmfs/install/tex/generic/pgf/utilities/pgfutil-latex.def
\pgfutil@abb=\box56
) (/Users/ajaysrinivasan/Library/Application Support/MiKTeX/texmfs/install/tex/generic/pgf/utilities/pgfrcs.code.tex (/Users/ajaysrinivasan/Library/Application Support/MiKTeX/texmfs/install/tex/generic/pgf/pgf.revision.tex)
Package: pgfrcs 2023-01-15 v3.1.10 (3.1.10)
))
Package: pgf 2023-01-15 v3.1.10 (3.1.10)
 (/Users/ajaysrinivasan/Library/Application Support/MiKTeX/texmfs/install/tex/latex/pgf/basiclayer/pgfcore.sty (/Users/ajaysrinivasan/Library/Application Support/MiKTeX/texmfs/install/tex/latex/pgf/systemlayer/pgfsys.sty (/Users/ajaysrinivasan/Library/Application Support/MiKTeX/texmfs/install/tex/generic/pgf/systemlayer/pgfsys.code.tex
Package: pgfsys 2023-01-15 v3.1.10 (3.1.10)
 (/Users/ajaysrinivasan/Library/Application Support/MiKTeX/texmfs/install/tex/generic/pgf/utilities/pgfkeys.code.tex
\pgfkeys@pathtoks=\toks30
\pgfkeys@temptoks=\toks31
 (/Users/ajaysrinivasan/Library/Application Support/MiKTeX/texmfs/install/tex/generic/pgf/utilities/pgfkeyslibraryfiltered.code.tex
\pgfkeys@tmptoks=\toks32
))
\pgf@x=\dimen157
\pgf@y=\dimen158
\pgf@xa=\dimen159
\pgf@ya=\dimen160
\pgf@xb=\dimen161
\pgf@yb=\dimen162
\pgf@xc=\dimen163
\pgf@yc=\dimen164
\pgf@xd=\dimen165
\pgf@yd=\dimen166
\w@pgf@writea=\write4
\r@pgf@reada=\read3
\c@pgf@counta=\count408
\c@pgf@countb=\count409
\c@pgf@countc=\count410
\c@pgf@countd=\count411
\t@pgf@toka=\toks33
\t@pgf@tokb=\toks34
\t@pgf@tokc=\toks35
\pgf@sys@id@count=\count412
 (/Users/ajaysrinivasan/Library/Application Support/MiKTeX/texmfs/install/tex/generic/pgf/systemlayer/pgf.cfg
File: pgf.cfg 2023-01-15 v3.1.10 (3.1.10)
)
Driver file for pgf: pgfsys-pdftex.def
 (/Users/ajaysrinivasan/Library/Application Support/MiKTeX/texmfs/install/tex/generic/pgf/systemlayer/pgfsys-pdftex.def
File: pgfsys-pdftex.def 2023-01-15 v3.1.10 (3.1.10)
 (/Users/ajaysrinivasan/Library/Application Support/MiKTeX/texmfs/install/tex/generic/pgf/systemlayer/pgfsys-common-pdf.def
File: pgfsys-common-pdf.def 2023-01-15 v3.1.10 (3.1.10)
))) (/Users/ajaysrinivasan/Library/Application Support/MiKTeX/texmfs/install/tex/generic/pgf/systemlayer/pgfsyssoftpath.code.tex
File: pgfsyssoftpath.code.tex 2023-01-15 v3.1.10 (3.1.10)
\pgfsyssoftpath@smallbuffer@items=\count413
\pgfsyssoftpath@bigbuffer@items=\count414
) (/Users/ajaysrinivasan/Library/Application Support/MiKTeX/texmfs/install/tex/generic/pgf/systemlayer/pgfsysprotocol.code.tex
File: pgfsysprotocol.code.tex 2023-01-15 v3.1.10 (3.1.10)
)) (/Users/ajaysrinivasan/Library/Application Support/MiKTeX/texmfs/install/tex/generic/pgf/basiclayer/pgfcore.code.tex
Package: pgfcore 2023-01-15 v3.1.10 (3.1.10)
 (/Users/ajaysrinivasan/Library/Application Support/MiKTeX/texmfs/install/tex/generic/pgf/math/pgfmath.code.tex (/Users/ajaysrinivasan/Library/Application Support/MiKTeX/texmfs/install/tex/generic/pgf/math/pgfmathutil.code.tex) (/Users/ajaysrinivasan/Library/Application Support/MiKTeX/texmfs/install/tex/generic/pgf/math/pgfmathparser.code.tex
\pgfmath@dimen=\dimen167
\pgfmath@count=\count415
\pgfmath@box=\box57
\pgfmath@toks=\toks36
\pgfmath@stack@operand=\toks37
\pgfmath@stack@operation=\toks38
) (/Users/ajaysrinivasan/Library/Application Support/MiKTeX/texmfs/install/tex/generic/pgf/math/pgfmathfunctions.code.tex) (/Users/ajaysrinivasan/Library/Application Support/MiKTeX/texmfs/install/tex/generic/pgf/math/pgfmathfunctions.basic.code.tex) (/Users/ajaysrinivasan/Library/Application Support/MiKTeX/texmfs/install/tex/generic/pgf/math/pgfmathfunctions.trigonometric.code.tex) (/Users/ajaysrinivasan/Library/Application Support/MiKTeX/texmfs/install/tex/generic/pgf/math/pgfmathfunctions.random.code.tex) (/Users/ajaysrinivasan/Library/Application Support/MiKTeX/texmfs/install/tex/generic/pgf/math/pgfmathfunctions.comparison.code.tex) (/Users/ajaysrinivasan/Library/Application Support/MiKTeX/texmfs/install/tex/generic/pgf/math/pgfmathfunctions.base.code.tex) (/Users/ajaysrinivasan/Library/Application Support/MiKTeX/texmfs/install/tex/generic/pgf/math/pgfmathfunctions.round.code.tex) (/Users/ajaysrinivasan/Library/Application Support/MiKTeX/texmfs/install/tex/generic/pgf/math/pgfmathfunctions.misc.code.tex) (/Users/ajaysrinivasan/Library/Application Support/MiKTeX/texmfs/install/tex/generic/pgf/math/pgfmathfunctions.integerarithmetics.code.tex) (/Users/ajaysrinivasan/Library/Application Support/MiKTeX/texmfs/install/tex/generic/pgf/math/pgfmathcalc.code.tex) (/Users/ajaysrinivasan/Library/Application Support/MiKTeX/texmfs/install/tex/generic/pgf/math/pgfmathfloat.code.tex
\c@pgfmathroundto@lastzeros=\count416
)) (/Users/ajaysrinivasan/Library/Application Support/MiKTeX/texmfs/install/tex/generic/pgf/math/pgfint.code.tex) (/Users/ajaysrinivasan/Library/Application Support/MiKTeX/texmfs/install/tex/generic/pgf/basiclayer/pgfcorepoints.code.tex
File: pgfcorepoints.code.tex 2023-01-15 v3.1.10 (3.1.10)
\pgf@picminx=\dimen168
\pgf@picmaxx=\dimen169
\pgf@picminy=\dimen170
\pgf@picmaxy=\dimen171
\pgf@pathminx=\dimen172
\pgf@pathmaxx=\dimen173
\pgf@pathminy=\dimen174
\pgf@pathmaxy=\dimen175
\pgf@xx=\dimen176
\pgf@xy=\dimen177
\pgf@yx=\dimen178
\pgf@yy=\dimen179
\pgf@zx=\dimen180
\pgf@zy=\dimen181
) (/Users/ajaysrinivasan/Library/Application Support/MiKTeX/texmfs/install/tex/generic/pgf/basiclayer/pgfcorepathconstruct.code.tex
File: pgfcorepathconstruct.code.tex 2023-01-15 v3.1.10 (3.1.10)
\pgf@path@lastx=\dimen182
\pgf@path@lasty=\dimen183
) (/Users/ajaysrinivasan/Library/Application Support/MiKTeX/texmfs/install/tex/generic/pgf/basiclayer/pgfcorepathusage.code.tex
File: pgfcorepathusage.code.tex 2023-01-15 v3.1.10 (3.1.10)
\pgf@shorten@end@additional=\dimen184
\pgf@shorten@start@additional=\dimen185
) (/Users/ajaysrinivasan/Library/Application Support/MiKTeX/texmfs/install/tex/generic/pgf/basiclayer/pgfcorescopes.code.tex
File: pgfcorescopes.code.tex 2023-01-15 v3.1.10 (3.1.10)
\pgfpic=\box58
\pgf@hbox=\box59
\pgf@layerbox@main=\box60
\pgf@picture@serial@count=\count417
) (/Users/ajaysrinivasan/Library/Application Support/MiKTeX/texmfs/install/tex/generic/pgf/basiclayer/pgfcoregraphicstate.code.tex
File: pgfcoregraphicstate.code.tex 2023-01-15 v3.1.10 (3.1.10)
\pgflinewidth=\dimen186
) (/Users/ajaysrinivasan/Library/Application Support/MiKTeX/texmfs/install/tex/generic/pgf/basiclayer/pgfcoretransformations.code.tex
File: pgfcoretransformations.code.tex 2023-01-15 v3.1.10 (3.1.10)
\pgf@pt@x=\dimen187
\pgf@pt@y=\dimen188
\pgf@pt@temp=\dimen189
) (/Users/ajaysrinivasan/Library/Application Support/MiKTeX/texmfs/install/tex/generic/pgf/basiclayer/pgfcorequick.code.tex
File: pgfcorequick.code.tex 2023-01-15 v3.1.10 (3.1.10)
) (/Users/ajaysrinivasan/Library/Application Support/MiKTeX/texmfs/install/tex/generic/pgf/basiclayer/pgfcoreobjects.code.tex
File: pgfcoreobjects.code.tex 2023-01-15 v3.1.10 (3.1.10)
) (/Users/ajaysrinivasan/Library/Application Support/MiKTeX/texmfs/install/tex/generic/pgf/basiclayer/pgfcorepathprocessing.code.tex
File: pgfcorepathprocessing.code.tex 2023-01-15 v3.1.10 (3.1.10)
) (/Users/ajaysrinivasan/Library/Application Support/MiKTeX/texmfs/install/tex/generic/pgf/basiclayer/pgfcorearrows.code.tex
File: pgfcorearrows.code.tex 2023-01-15 v3.1.10 (3.1.10)
\pgfarrowsep=\dimen190
)
(/Users/ajaysrinivasan/Library/Application Support/MiKTeX/texmfs/install/tex/generic/pgf/basiclayer/pgfcoreshade.code.tex
File: pgfcoreshade.code.tex 2023-01-15 v3.1.10 (3.1.10)
\pgf@max=\dimen191
\pgf@sys@shading@range@num=\count418
\pgf@shadingcount=\count419
) (/Users/ajaysrinivasan/Library/Application Support/MiKTeX/texmfs/install/tex/generic/pgf/basiclayer/pgfcoreimage.code.tex
File: pgfcoreimage.code.tex 2023-01-15 v3.1.10 (3.1.10)
) (/Users/ajaysrinivasan/Library/Application Support/MiKTeX/texmfs/install/tex/generic/pgf/basiclayer/pgfcoreexternal.code.tex
File: pgfcoreexternal.code.tex 2023-01-15 v3.1.10 (3.1.10)
\pgfexternal@startupbox=\box61
) (/Users/ajaysrinivasan/Library/Application Support/MiKTeX/texmfs/install/tex/generic/pgf/basiclayer/pgfcorelayers.code.tex
File: pgfcorelayers.code.tex 2023-01-15 v3.1.10 (3.1.10)
) (/Users/ajaysrinivasan/Library/Application Support/MiKTeX/texmfs/install/tex/generic/pgf/basiclayer/pgfcoretransparency.code.tex
File: pgfcoretransparency.code.tex 2023-01-15 v3.1.10 (3.1.10)
) (/Users/ajaysrinivasan/Library/Application Support/MiKTeX/texmfs/install/tex/generic/pgf/basiclayer/pgfcorepatterns.code.tex
File: pgfcorepatterns.code.tex 2023-01-15 v3.1.10 (3.1.10)
) (/Users/ajaysrinivasan/Library/Application Support/MiKTeX/texmfs/install/tex/generic/pgf/basiclayer/pgfcorerdf.code.tex
File: pgfcorerdf.code.tex 2023-01-15 v3.1.10 (3.1.10)
))) (/Users/ajaysrinivasan/Library/Application Support/MiKTeX/texmfs/install/tex/generic/pgf/modules/pgfmoduleshapes.code.tex
File: pgfmoduleshapes.code.tex 2023-01-15 v3.1.10 (3.1.10)
\pgfnodeparttextbox=\box62
) (/Users/ajaysrinivasan/Library/Application Support/MiKTeX/texmfs/install/tex/generic/pgf/modules/pgfmoduleplot.code.tex
File: pgfmoduleplot.code.tex 2023-01-15 v3.1.10 (3.1.10)
) (/Users/ajaysrinivasan/Library/Application Support/MiKTeX/texmfs/install/tex/latex/pgf/compatibility/pgfcomp-version-0-65.sty
Package: pgfcomp-version-0-65 2023-01-15 v3.1.10 (3.1.10)
\pgf@nodesepstart=\dimen192
\pgf@nodesepend=\dimen193
) (/Users/ajaysrinivasan/Library/Application Support/MiKTeX/texmfs/install/tex/latex/pgf/compatibility/pgfcomp-version-1-18.sty
Package: pgfcomp-version-1-18 2023-01-15 v3.1.10 (3.1.10)
)) (/Users/ajaysrinivasan/Library/Application Support/MiKTeX/texmfs/install/tex/latex/pgf/utilities/pgffor.sty (/Users/ajaysrinivasan/Library/Application Support/MiKTeX/texmfs/install/tex/latex/pgf/utilities/pgfkeys.sty (/Users/ajaysrinivasan/Library/Application Support/MiKTeX/texmfs/install/tex/generic/pgf/utilities/pgfkeys.code.tex)) (/Users/ajaysrinivasan/Library/Application Support/MiKTeX/texmfs/install/tex/latex/pgf/math/pgfmath.sty (/Users/ajaysrinivasan/Library/Application Support/MiKTeX/texmfs/install/tex/generic/pgf/math/pgfmath.code.tex)) (/Users/ajaysrinivasan/Library/Application Support/MiKTeX/texmfs/install/tex/generic/pgf/utilities/pgffor.code.tex
Package: pgffor 2023-01-15 v3.1.10 (3.1.10)
\pgffor@iter=\dimen194
\pgffor@skip=\dimen195
\pgffor@stack=\toks39
\pgffor@toks=\toks40
)) (/Users/ajaysrinivasan/Library/Application Support/MiKTeX/texmfs/install/tex/generic/pgf/frontendlayer/tikz/tikz.code.tex
Package: tikz 2023-01-15 v3.1.10 (3.1.10)
 (/Users/ajaysrinivasan/Library/Application Support/MiKTeX/texmfs/install/tex/generic/pgf/libraries/pgflibraryplothandlers.code.tex
File: pgflibraryplothandlers.code.tex 2023-01-15 v3.1.10 (3.1.10)
\pgf@plot@mark@count=\count420
\pgfplotmarksize=\dimen196
)
\tikz@lastx=\dimen197
\tikz@lasty=\dimen198
\tikz@lastxsaved=\dimen199
\tikz@lastysaved=\dimen256
\tikz@lastmovetox=\dimen257
\tikz@lastmovetoy=\dimen258
\tikzleveldistance=\dimen259
\tikzsiblingdistance=\dimen260
\tikz@figbox=\box63
\tikz@figbox@bg=\box64
\tikz@tempbox=\box65
\tikz@tempbox@bg=\box66
\tikztreelevel=\count421
\tikznumberofchildren=\count422
\tikznumberofcurrentchild=\count423
\tikz@fig@count=\count424
 (/Users/ajaysrinivasan/Library/Application Support/MiKTeX/texmfs/install/tex/generic/pgf/modules/pgfmodulematrix.code.tex
File: pgfmodulematrix.code.tex 2023-01-15 v3.1.10 (3.1.10)
\pgfmatrixcurrentrow=\count425
\pgfmatrixcurrentcolumn=\count426
\pgf@matrix@numberofcolumns=\count427
)
\tikz@expandcount=\count428
 (/Users/ajaysrinivasan/Library/Application Support/MiKTeX/texmfs/install/tex/generic/pgf/frontendlayer/tikz/libraries/tikzlibrarytopaths.code.tex
File: tikzlibrarytopaths.code.tex 2023-01-15 v3.1.10 (3.1.10)
))) (/Users/ajaysrinivasan/Library/Application Support/MiKTeX/texmfs/install/tex/latex/tikz-cd/tikzlibrarycd.code.tex (/Users/ajaysrinivasan/Library/Application Support/MiKTeX/texmfs/install/tex/generic/pgf/frontendlayer/tikz/libraries/tikzlibrarymatrix.code.tex
File: tikzlibrarymatrix.code.tex 2023-01-15 v3.1.10 (3.1.10)
) (/Users/ajaysrinivasan/Library/Application Support/MiKTeX/texmfs/install/tex/generic/pgf/frontendlayer/tikz/libraries/tikzlibraryquotes.code.tex
File: tikzlibraryquotes.code.tex 2023-01-15 v3.1.10 (3.1.10)
) (/Users/ajaysrinivasan/Library/Application Support/MiKTeX/texmfs/install/tex/generic/pgf/libraries/pgflibraryarrows.meta.code.tex
File: pgflibraryarrows.meta.code.tex 2023-01-15 v3.1.10 (3.1.10)
\pgfarrowinset=\dimen261
\pgfarrowlength=\dimen262
\pgfarrowwidth=\dimen263
\pgfarrowlinewidth=\dimen264
))) (/Users/ajaysrinivasan/Library/Application Support/MiKTeX/texmfs/install/tex/latex/todonotes/todonotes.sty
Package: todonotes 2024/01/05 v1.1.7 Todonotes source and documentation.
Package: todonotes 2024/01/05
 (/Users/ajaysrinivasan/Library/Application Support/MiKTeX/texmfs/install/tex/latex/xkeyval/xkeyval.sty
Package: xkeyval 2022/06/16 v2.9 package option processing (HA)
 (/Users/ajaysrinivasan/Library/Application Support/MiKTeX/texmfs/install/tex/generic/xkeyval/xkeyval.tex (/Users/ajaysrinivasan/Library/Application Support/MiKTeX/texmfs/install/tex/generic/xkeyval/xkvutils.tex
\XKV@toks=\toks41
\XKV@tempa@toks=\toks42
)
\XKV@depth=\count429
File: xkeyval.tex 2014/12/03 v2.7a key=value parser (HA)
)) (/Users/ajaysrinivasan/Library/Application Support/MiKTeX/texmfs/install/tex/generic/pgf/frontendlayer/tikz/libraries/tikzlibrarypositioning.code.tex
File: tikzlibrarypositioning.code.tex 2023-01-15 v3.1.10 (3.1.10)
) (/Users/ajaysrinivasan/Library/Application Support/MiKTeX/texmfs/install/tex/latex/tools/calc.sty
Package: calc 2023/07/08 v4.3 Infix arithmetic (KKT,FJ)
\calc@Acount=\count430
\calc@Bcount=\count431
\calc@Adimen=\dimen265
\calc@Bdimen=\dimen266
\calc@Askip=\skip81
\calc@Bskip=\skip82
LaTeX Info: Redefining \setlength on input line 80.
LaTeX Info: Redefining \addtolength on input line 81.
\calc@Ccount=\count432
\calc@Cskip=\skip83
)
\c@@todonotes@numberoftodonotes=\count433
) (lacromay.sty
Package: lacromay 1998/07/22 v1.0 Extra Math Definitions and Symbols
LaTeX Font Info:    Redeclaring symbol font `rsfs' on input line 17.
LaTeX Font Info:    Encoding `U' has changed to `OMS' for symbol font
(Font)              `rsfs' in the math version `normal' on input line 17.
LaTeX Font Info:    Overwriting symbol font `rsfs' in version `normal'
(Font)                  U/rsfs/m/n --> OMS/rsfs/m/n on input line 17.
LaTeX Font Info:    Encoding `U' has changed to `OMS' for symbol font
(Font)              `rsfs' in the math version `bold' on input line 17.
LaTeX Font Info:    Overwriting symbol font `rsfs' in version `bold'
(Font)                  U/rsfs/m/n --> OMS/rsfs/m/n on input line 17.
\sset@tok=\toks43
) (/Users/ajaysrinivasan/Library/Application Support/MiKTeX/texmfs/install/tex/latex/hyperref/hyperref.sty
Package: hyperref 2024-07-10 v7.01j Hypertext links for LaTeX
 (/Users/ajaysrinivasan/Library/Application Support/MiKTeX/texmfs/install/tex/generic/kvdefinekeys/kvdefinekeys.sty
Package: kvdefinekeys 2019-12-19 v1.6 Define keys (HO)
) (/Users/ajaysrinivasan/Library/Application Support/MiKTeX/texmfs/install/tex/generic/pdfescape/pdfescape.sty
Package: pdfescape 2019/12/09 v1.15 Implements pdfTeX's escape features (HO)
) (/Users/ajaysrinivasan/Library/Application Support/MiKTeX/texmfs/install/tex/latex/hycolor/hycolor.sty
Package: hycolor 2020-01-27 v1.10 Color options for hyperref/bookmark (HO)
) (/Users/ajaysrinivasan/Library/Application Support/MiKTeX/texmfs/install/tex/latex/hyperref/nameref.sty
Package: nameref 2023-11-26 v2.56 Cross-referencing by name of section
 (/Users/ajaysrinivasan/Library/Application Support/MiKTeX/texmfs/install/tex/latex/refcount/refcount.sty
Package: refcount 2019/12/15 v3.6 Data extraction from label references (HO)
) (/Users/ajaysrinivasan/Library/Application Support/MiKTeX/texmfs/install/tex/generic/gettitlestring/gettitlestring.sty
Package: gettitlestring 2019/12/15 v1.6 Cleanup title references (HO)
)
\c@section@level=\count434
) (/Users/ajaysrinivasan/Library/Application Support/MiKTeX/texmfs/install/tex/generic/stringenc/stringenc.sty
Package: stringenc 2019/11/29 v1.12 Convert strings between diff. encodings (HO)
)
\@linkdim=\dimen267
\Hy@linkcounter=\count435
\Hy@pagecounter=\count436
 (/Users/ajaysrinivasan/Library/Application Support/MiKTeX/texmfs/install/tex/latex/hyperref/pd1enc.def
File: pd1enc.def 2024-07-10 v7.01j Hyperref: PDFDocEncoding definition (HO)
Now handling font encoding PD1 ...
... no UTF-8 mapping file for font encoding PD1
) (/Users/ajaysrinivasan/Library/Application Support/MiKTeX/texmfs/install/tex/generic/intcalc/intcalc.sty
Package: intcalc 2019/12/15 v1.3 Expandable calculations with integers (HO)
)
\Hy@SavedSpaceFactor=\count437
 (/Users/ajaysrinivasan/Library/Application Support/MiKTeX/texmfs/install/tex/latex/hyperref/puenc.def
File: puenc.def 2024-07-10 v7.01j Hyperref: PDF Unicode definition (HO)
Now handling font encoding PU ...
... no UTF-8 mapping file for font encoding PU
)
Package hyperref Info: Option `colorlinks' set `true' on input line 4040.
Package hyperref Info: Hyper figures OFF on input line 4157.
Package hyperref Info: Link nesting OFF on input line 4162.
Package hyperref Info: Hyper index ON on input line 4165.
Package hyperref Info: Plain pages OFF on input line 4172.
Package hyperref Info: Backreferencing OFF on input line 4177.
Package hyperref Info: Implicit mode ON; LaTeX internals redefined.
Package hyperref Info: Bookmarks ON on input line 4424.
\c@Hy@tempcnt=\count438
LaTeX Info: Redefining \url on input line 4763.
\XeTeXLinkMargin=\dimen268
 (/Users/ajaysrinivasan/Library/Application Support/MiKTeX/texmfs/install/tex/generic/bitset/bitset.sty
Package: bitset 2019/12/09 v1.3 Handle bit-vector datatype (HO)
 (/Users/ajaysrinivasan/Library/Application Support/MiKTeX/texmfs/install/tex/generic/bigintcalc/bigintcalc.sty
Package: bigintcalc 2019/12/15 v1.5 Expandable calculations on big integers (HO)
))
\Fld@menulength=\count439
\Field@Width=\dimen269
\Fld@charsize=\dimen270
Package hyperref Info: Hyper figures OFF on input line 6042.
Package hyperref Info: Link nesting OFF on input line 6047.
Package hyperref Info: Hyper index ON on input line 6050.
Package hyperref Info: backreferencing OFF on input line 6057.
Package hyperref Info: Link coloring ON on input line 6060.
Package hyperref Info: Link coloring with OCG OFF on input line 6067.
Package hyperref Info: PDF/A mode OFF on input line 6072.
 (/Users/ajaysrinivasan/Library/Application Support/MiKTeX/texmfs/install/tex/latex/base/atbegshi-ltx.sty
Package: atbegshi-ltx 2021/01/10 v1.0c Emulation of the original atbegshi
package with kernel methods
)
\Hy@abspage=\count440
\c@Item=\count441
\c@Hfootnote=\count442
)
Package hyperref Info: Driver (autodetected): hpdftex.
 (/Users/ajaysrinivasan/Library/Application Support/MiKTeX/texmfs/install/tex/latex/hyperref/hpdftex.def
File: hpdftex.def 2024-07-10 v7.01j Hyperref driver for pdfTeX
 (/Users/ajaysrinivasan/Library/Application Support/MiKTeX/texmfs/install/tex/latex/base/atveryend-ltx.sty
Package: atveryend-ltx 2020/08/19 v1.0a Emulation of the original atveryend package
with kernel methods
)
\Fld@listcount=\count443
\c@bookmark@seq@number=\count444
 (/Users/ajaysrinivasan/Library/Application Support/MiKTeX/texmfs/install/tex/latex/rerunfilecheck/rerunfilecheck.sty
Package: rerunfilecheck 2022-07-10 v1.10 Rerun checks for auxiliary files (HO)
 (/Users/ajaysrinivasan/Library/Application Support/MiKTeX/texmfs/install/tex/generic/uniquecounter/uniquecounter.sty
Package: uniquecounter 2019/12/15 v1.4 Provide unlimited unique counter (HO)
)
Package uniquecounter Info: New unique counter `rerunfilecheck' on input line 285.
)
\Hy@SectionHShift=\skip84
) (/Users/ajaysrinivasan/Library/Application Support/MiKTeX/texmfs/install/tex/generic/xypic/xypic.sty (/Users/ajaysrinivasan/Library/Application Support/MiKTeX/texmfs/install/tex/generic/xypic/xy.sty (/Users/ajaysrinivasan/Library/Application Support/MiKTeX/texmfs/install/tex/generic/xypic/xy.tex Bootstrap'ing: catcodes, docmode, (/Users/ajaysrinivasan/Library/Application Support/MiKTeX/texmfs/install/tex/generic/xypic/xyrecat.tex) (/Users/ajaysrinivasan/Library/Application Support/MiKTeX/texmfs/install/tex/generic/xypic/xyidioms.tex)

 Xy-pic version 3.8.9 <2013/10/06>
 Copyright (c) 1991-2013 by Kristoffer H. Rose <krisrose@tug.org> and others
 Xy-pic is free software: see the User's Guide for details.

Loading kernel: messages; fonts; allocations: state,
\X@c=\dimen271
\Y@c=\dimen272
\U@c=\dimen273
\D@c=\dimen274
\L@c=\dimen275
\R@c=\dimen276
\Edge@c=\toks44
\X@p=\dimen277
\Y@p=\dimen278
\U@p=\dimen279
\D@p=\dimen280
\L@p=\dimen281
\R@p=\dimen282
\Edge@p=\toks45
\X@origin=\dimen283
\Y@origin=\dimen284
\X@xbase=\dimen285
\Y@xbase=\dimen286
\X@ybase=\dimen287
\Y@ybase=\dimen288
\X@min=\dimen289
\Y@min=\dimen290
\X@max=\dimen291
\Y@max=\dimen292
\lastobjectbox@=\box67
\zerodotbox@=\box68
\almostz@=\dimen293
 direction,
\d@X=\dimen294
\d@Y=\dimen295
\K@=\count445
\KK@=\count446
\Direction=\count447
\K@dXdY=\dimen296
\K@dYdX=\dimen297
\xyread@=\read4
\xywrite@=\write5
\csp@=\count448
\quotPTK@=\dimen298
 utility macros; pictures: \xy, positions,
\swaptoks@@=\toks46
\connectobjectbox@@=\box69
 objects,
\styletoks@=\toks47
 decorations; kernel objects: directionals, circles, text; options; algorithms: directions, edges, connections;  Xy-pic loaded) (/Users/ajaysrinivasan/Library/Application Support/MiKTeX/texmfs/install/tex/generic/iftex/ifpdf.sty
Package: ifpdf 2019/10/25 v3.4 ifpdf legacy package. Use iftex instead.
)

LaTeX Warning: You have requested package `xypic',
               but the package provides `xy'.

Package: xy 2013/10/06 Xy-pic version 3.8.9
(/Users/ajaysrinivasan/Library/Application Support/MiKTeX/texmfs/install/tex/generic/xypic/xypdf.tex  Xy-pic option: PDF driver v.1.7 loaded)) (/Users/ajaysrinivasan/Library/Application Support/MiKTeX/texmfs/install/tex/generic/xypic/xyv2.tex  Xy-pic option: Version 2 Compatibility v.3.8

Xy-pic Warning: `\stop' redefined.

(/Users/ajaysrinivasan/Library/Application Support/MiKTeX/texmfs/install/tex/generic/xypic/xyframe.tex  Xy-pic option: Frame and Bracket extension v.3.14 loaded) Xy-pic pdf driver: `frame' extension support (/Users/ajaysrinivasan/Library/Application Support/MiKTeX/texmfs/install/tex/generic/xypic/xypdf-fr.tex (/Users/ajaysrinivasan/Library/Application Support/MiKTeX/texmfs/install/tex/generic/xypic/xycurve.tex  Xy-pic option: Curve and Spline extension v.3.12 curve,
\crv@cnt@=\count449
\crvpts@=\toks48
\splinebox@=\box70
\splineval@=\dimen299
\splinedepth@=\dimen300
\splinetol@=\dimen301
\splinelength@=\dimen302
 circles,
\L@=\dimen303
 loaded) Xy-pic pdf driver: `curve' extension support (/Users/ajaysrinivasan/Library/Application Support/MiKTeX/texmfs/install/tex/generic/xypic/xypdf-cu.tex loaded) loaded) (/Users/ajaysrinivasan/Library/Application Support/MiKTeX/texmfs/install/tex/generic/xypic/xymatrix.tex  Xy-pic option: Matrix feature v.3.14
\Row=\count450
\Col=\count451
\queue@=\toks49
\queue@@=\toks50
\qcount@=\count452
\qcount@@=\count453
\matrixsize@=\count454
 loaded) (/Users/ajaysrinivasan/Library/Application Support/MiKTeX/texmfs/install/tex/generic/xypic/xyarrow.tex  Xy-pic option: Arrow and Path feature v.3.9 path, \ar, loaded) loaded)) (/Users/ajaysrinivasan/Library/Application Support/MiKTeX/texmfs/install/tex/latex/enumitem/enumitem.sty
Package: enumitem 2019/06/20 v3.9 Customized lists
\labelindent=\skip85
\enit@outerparindent=\dimen304
\enit@toks=\toks51
\enit@inbox=\box71
\enit@count@id=\count455
\enitdp@description=\count456
)
\c@thm=\count457
\c@sta=\count458
\c@cor=\count459
\c@prop=\count460
\c@lem=\count461
\c@prob=\count462
\c@conj=\count463
\c@defn=\count464
\c@ax=\count465
\c@con=\count466
\c@exmp=\count467
\c@notn=\count468
\c@notns=\count469
\c@pro=\count470
\c@rem=\count471
\c@rems=\count472
\c@warn=\count473
\c@sch=\count474
\c@obs=\count475
\c@conv=\count476
\c@assn=\count477
\c@asses=\count478


/Users/ajaysrinivasan/Documents/LaTeX_Stuff/The_Motivic_Monadicity_Theorem/draft.tex:185: LaTeX Error: Command \bk already defined.
               Or name \end... illegal, see p.192 of the manual.

See the LaTeX manual or LaTeX Companion for explanation.
Type  H <return>  for immediate help.
 ...                                              
                                                  
l.185 \newcommand{\bk}{\mathbf{k}}
                                  
Your command was ignored.
Type  I <command> <return>  to replace it with another command,
or  <return>  to continue without it.

\@quotelevel=\count479
\@quotereset=\count480
No file draft.aux.
\openout1 = `draft.aux'.

LaTeX Font Info:    Checking defaults for OML/cmm/m/it on input line 197.
LaTeX Font Info:    ... okay on input line 197.
LaTeX Font Info:    Checking defaults for OMS/cmsy/m/n on input line 197.
LaTeX Font Info:    ... okay on input line 197.
LaTeX Font Info:    Checking defaults for OT1/cmr/m/n on input line 197.
LaTeX Font Info:    ... okay on input line 197.
LaTeX Font Info:    Checking defaults for T1/cmr/m/n on input line 197.
LaTeX Font Info:    ... okay on input line 197.
LaTeX Font Info:    Checking defaults for TS1/cmr/m/n on input line 197.
LaTeX Font Info:    ... okay on input line 197.
LaTeX Font Info:    Checking defaults for OMX/cmex/m/n on input line 197.
LaTeX Font Info:    ... okay on input line 197.
LaTeX Font Info:    Checking defaults for U/cmr/m/n on input line 197.
LaTeX Font Info:    ... okay on input line 197.
LaTeX Font Info:    Checking defaults for PD1/pdf/m/n on input line 197.
LaTeX Font Info:    ... okay on input line 197.
LaTeX Font Info:    Checking defaults for PU/pdf/m/n on input line 197.
LaTeX Font Info:    ... okay on input line 197.
LaTeX Font Info:    Trying to load font information for U+msa on input line 197.
(/Users/ajaysrinivasan/Library/Application Support/MiKTeX/texmfs/install/tex/latex/amsfonts/umsa.fd
File: umsa.fd 2013/01/14 v3.01 AMS symbols A
)
LaTeX Font Info:    Trying to load font information for U+msb on input line 197.
 (/Users/ajaysrinivasan/Library/Application Support/MiKTeX/texmfs/install/tex/latex/amsfonts/umsb.fd
File: umsb.fd 2013/01/14 v3.01 AMS symbols B
) (/Users/ajaysrinivasan/Library/Application Support/MiKTeX/texmfs/install/tex/context/base/mkii/supp-pdf.mkii
[Loading MPS to PDF converter (version 2006.09.02).]
\scratchcounter=\count481
\scratchdimen=\dimen305
\scratchbox=\box72
\nofMPsegments=\count482
\nofMParguments=\count483
\everyMPshowfont=\toks52
\MPscratchCnt=\count484
\MPscratchDim=\dimen306
\MPnumerator=\count485
\makeMPintoPDFobject=\count486
\everyMPtoPDFconversion=\toks53
) (/Users/ajaysrinivasan/Library/Application Support/MiKTeX/texmfs/install/tex/latex/epstopdf-pkg/epstopdf-base.sty
Package: epstopdf-base 2020-01-24 v2.11 Base part for package epstopdf
Package epstopdf-base Info: Redefining graphics rule for `.eps' on input line 485.
 (/Users/ajaysrinivasan/Library/Application Support/MiKTeX/texmfs/install/tex/latex/00miktex/epstopdf-sys.cfg
File: epstopdf-sys.cfg 2021/03/18 v2.0 Configuration of epstopdf for MiKTeX
))
Package biblatex Info: Trying to load language 'english'...
Package biblatex Info: ... file 'english.lbx' found.
 (/Users/ajaysrinivasan/Library/Application Support/MiKTeX/texmfs/install/tex/latex/biblatex/lbx/english.lbx
File: english.lbx 2024/03/21 v3.20 biblatex localization (PK/MW)
)
Package biblatex Info: Input encoding 'utf8' detected.
Package biblatex Info: Automatic encoding selection.
(biblatex)             Assuming data encoding 'utf8'.
\openout3 = `draft.bcf'.

Package biblatex Info: Trying to load bibliographic data...
Package biblatex Info: ... file 'draft.bbl' not found.

No file draft.bbl.
Package biblatex Info: Reference section=0 on input line 197.
Package biblatex Info: Reference segment=0 on input line 197.
Package hyperref Info: Link coloring ON on input line 197.
\@outlinefile=\write6
\openout6 = `draft.out'.

Package xypdf Info: Line width: 0.39998pt on input line 197.
No file draft.toc.
\tf@toc=\write7
\openout7 = `draft.toc'.


LaTeX Warning: Citation 'kong2024group' on page 1 undefined on input line 205.


LaTeX Warning: Citation 'May09Einfty' on page 1 undefined on input line 205.


LaTeX Warning: Citation 'EHK21' on page 1 undefined on input line 205.


Underfull \hbox (badness 10000) in paragraph at lines 205--206

 []


LaTeX Warning: Reference `sec:prelim' on page 1 undefined on input line 207.


LaTeX Warning: Citation 'Lewis91' on page 1 undefined on input line 207.


LaTeX Warning: Citation 'Hu03' on page 1 undefined on input line 207.


LaTeX Warning: Citation 'EKMM97' on page 1 undefined on input line 207.


LaTeX Warning: Citation 'LMS86' on page 1 undefined on input line 207.


LaTeX Warning: Citation 'Hu03' on page 1 undefined on input line 207.


LaTeX Warning: Reference `sec:coordfree' on page 1 undefined on input line 207.


LaTeX Warning: Reference `sec:simpob' on page 1 undefined on input line 207.


LaTeX Warning: Citation 'kong2024group' on page 1 undefined on input line 207.


LaTeX Warning: Citation 'kong2024group' on page 1 undefined on input line 208.


LaTeX Warning: Reference `thm:0.2' on page 1 undefined on input line 208.


Overfull \vbox (2.35442pt too high) has occurred while \output is active []



[1{/Users/ajaysrinivasan/Library/Application Support/MiKTeX/texmfs/data/fonts/map/pdftex/pdftex.map}]

LaTeX Warning: Reference `sec:htpymonad' on page 2 undefined on input line 218.


Underfull \hbox (badness 10000) in paragraph at lines 218--219

 []


LaTeX Warning: Citation 'Barratt1974oper' on page 2 undefined on input line 220.


LaTeX Warning: Reference `sec:be' on page 2 undefined on input line 220.


LaTeX Warning: Citation 'kong2024group' on page 2 undefined on input line 220.


LaTeX Warning: Reference `part:1' on page 2 undefined on input line 220.


LaTeX Warning: Citation 'Barratt1974oper2' on page 2 undefined on input line 220.


LaTeX Warning: Reference `part:1' on page 2 undefined on input line 220.


LaTeX Warning: Reference `sec:compl' on page 2 undefined on input line 220.


LaTeX Warning: Reference `sec:grplike' on page 2 undefined on input line 220.


LaTeX Warning: Citation 'Barratt1974oper' on page 2 undefined on input line 220.


Underfull \hbox (badness 10000) in paragraph at lines 220--221

 []



[2]

LaTeX Warning: Citation 'Barratt1974oper2' on page 3 undefined on input line 222.


LaTeX Warning: Citation 'kong2024group' on page 3 undefined on input line 222.


LaTeX Warning: Reference `sec:approx' on page 3 undefined on input line 228.


LaTeX Warning: Reference `sec:berec' on page 3 undefined on input line 229.


LaTeX Warning: Reference `part:1' on page 3 undefined on input line 229.


LaTeX Warning: Citation 'kong2024group' on page 3 undefined on input line 229.


LaTeX Warning: Citation 'voev96pre' on page 3 undefined on input line 242.


LaTeX Warning: Citation 'MV99' on page 3 undefined on input line 242.


LaTeX Warning: Citation 'morel12A1AT' on page 3 undefined on input line 242.


LaTeX Warning: Citation 'MV99' on page 3 undefined on input line 242.



[3] <xymatrix 2x2 168>

LaTeX Warning: Citation 'MV99' on page 4 undefined on input line 246.


LaTeX Warning: Citation 'SGA4V2' on page 4 undefined on input line 247.


Underfull \hbox (badness 10000) in paragraph at lines 246--248

 []


Underfull \hbox (badness 10000) in paragraph at lines 254--256

 []


LaTeX Warning: Reference `sec:coordfree' on page 4 undefined on input line 258.



[4]

LaTeX Warning: Citation 'Hu03' on page 5 undefined on input line 267.


Underfull \hbox (badness 10000) in paragraph at lines 267--268

 []


LaTeX Warning: Citation 'MV99' on page 5 undefined on input line 269.


Overfull \hbox (25.89066pt too wide) in paragraph at lines 275--276
[]\OT1/cmr/m/n/10 simplicial weak equiv-a-lence if for ev-ery $\OML/cmm/m/it/10 x[] \OMS/cmsy/m/n/10 2 [][]$\OT1/cmr/m/n/10 , the in-duced map $\OML/cmm/m/it/10 f[] [] [] x[]\OT1/cmr/m/n/10 (\OML/cmm/m/it/10 X\OT1/cmr/m/n/10 ) [][]\OMS/cmsy/m/n/10 !
 []


LaTeX Warning: Citation 'Jardine87simppr' on page 5 undefined on input line 280.


LaTeX Warning: Citation 'MV99' on page 5 undefined on input line 295.


LaTeX Warning: Citation 'Jardine87simppr' on page 5 undefined on input line 295.



[5]

LaTeX Warning: Citation 'bousfield1972homotopy' on page 6 undefined on input line 301.


LaTeX Warning: Reference `prop:1.2' on page 6 undefined on input line 301.


LaTeX Warning: Citation 'bousfield1972homotopy' on page 6 undefined on input line 301.


Overfull \hbox (25.60419pt too wide) in paragraph at lines 301--302
\OML/cmm/m/it/10 X \OT1/cmr/m/n/10 = \OMS/cmsy/m/n/10 f\OML/cmm/m/it/10 X[]\OMS/cmsy/m/n/10 g$ \OT1/cmr/m/n/10 is a di-a-gram in $[](([][])[])$ in-dexed by $^^A[]$. By [[]]
 []


Underfull \hbox (badness 10000) in paragraph at lines 304--305

 []


LaTeX Warning: Citation 'MV99' on page 6 undefined on input line 306.


Underfull \hbox (badness 10000) in paragraph at lines 319--320

 []


LaTeX Warning: Reference `thm:1.2' on page 6 undefined on input line 321.


Underfull \hbox (badness 10000) in paragraph at lines 321--322

 []


LaTeX Warning: Citation 'morel05stab' on page 6 undefined on input line 324.


LaTeX Warning: Citation 'morel12A1AT' on page 6 undefined on input line 324.



[6]

LaTeX Warning: Citation 'shimizu2022rel' on page 7 undefined on input line 329.


Package hyperref Warning: Token not allowed in a PDF string (Unicode):
(hyperref)                removing `math shift' on input line 334.


Package hyperref Warning: Token not allowed in a PDF string (Unicode):
(hyperref)                removing `\Sigma' on input line 334.


Package hyperref Warning: Token not allowed in a PDF string (Unicode):
(hyperref)                removing `superscript' on input line 334.


Package hyperref Warning: Token not allowed in a PDF string (Unicode):
(hyperref)                removing `\infty' on input line 334.


Package hyperref Warning: Token not allowed in a PDF string (Unicode):
(hyperref)                removing `\Omega' on input line 334.


Package hyperref Warning: Token not allowed in a PDF string (Unicode):
(hyperref)                removing `superscript' on input line 334.


Package hyperref Warning: Token not allowed in a PDF string (Unicode):
(hyperref)                removing `\infty' on input line 334.


Package hyperref Warning: Token not allowed in a PDF string (Unicode):
(hyperref)                removing `math shift' on input line 334.


LaTeX Warning: Citation 'Hu03' on page 7 undefined on input line 335.


LaTeX Warning: Citation 'Hu03' on page 7 undefined on input line 335.


Overfull \hbox (1.417pt too wide) in paragraph at lines 335--336
[]\OT1/cmr/m/n/10 In this sec-tion, we re-call the con-struc-tion of the coordinate-free spec-tra of [[]],
 []


Underfull \hbox (badness 10000) in paragraph at lines 335--336

 []



[7]
Underfull \hbox (badness 10000) in paragraph at lines 337--338

 []


LaTeX Warning: Citation 'Hu03' on page 8 undefined on input line 339.


Underfull \hbox (badness 10000) in paragraph at lines 339--340

 []

<xymatrix 2x2 154>

[8]

LaTeX Warning: Reference `defn:spectra' on page 9 undefined on input line 360.


LaTeX Warning: Reference `prop:1.2' on page 9 undefined on input line 379.


LaTeX Warning: Citation 'voev96pre' on page 9 undefined on input line 382.


LaTeX Warning: Citation 'Hu03' on page 9 undefined on input line 382.


Underfull \hbox (badness 10000) in paragraph at lines 382--383

 []



[9]
Overfull \hbox (12.86504pt too wide) in paragraph at lines 385--388
\OT1/cmr/m/n/10 By the $(^^F[]\OML/cmm/m/it/10 ; \OT1/cmr/m/n/10 
[])$ ad-junc-tion, this fur-nishes a pre-spec-trum $\OML/cmm/m/it/10 D[]\OT1/cmr/m/n/10 (\OML/cmm/m/it/10 X\OT1/cmr/m/n/10 ) = \OMS/cmsy/m/n/10 f\OML/cmm/m/it/10 D[]\OT1/cmr/m/n/10 (\OML/cmm/m/it/10 X\OT1/cmr/m/n/10 )[]\OMS/cmsy/m/n/10 g[]\OML/cmm/m/it/10 :$
 []


Underfull \hbox (badness 10000) in paragraph at lines 385--388

 []

<xymatrix 3x1 132>
Underfull \hbox (badness 10000) in paragraph at lines 391--393

 []



[10]

LaTeX Warning: Citation 'Hu03' on page 11 undefined on input line 400.


LaTeX Warning: Citation 'BF78Thm' on page 11 undefined on input line 413.


LaTeX Warning: Citation 'Hu03' on page 11 undefined on input line 419.


Underfull \hbox (badness 10000) in paragraph at lines 419--420

 []


Overfull \hbox (7.83282pt too wide) in paragraph at lines 433--434
[]$\U/msb/m/n/10 A[]$\OT1/cmr/m/n/10 -fibration if it sat-is-fies the RLP with re-spect to ev-ery acyclic $\U/msb/m/n/10 A[]$\OT1/cmr/m/n/10 -cofibration. 
 []


LaTeX Warning: Citation 'Hu03' on page 11 undefined on input line 437.


LaTeX Warning: Citation 'MV99' on page 11 undefined on input line 437.


LaTeX Warning: Citation 'Jardine87simppr' on page 11 undefined on input line 437.


LaTeX Warning: Citation 'Hu03' on page 11 undefined on input line 437.



[11]
Overfull \hbox (20.0977pt too wide) in paragraph at lines 440--441
\OT1/cmr/m/it/10 col-imit of smooth schemes over $\OML/cmm/m/it/10 S$\OT1/cmr/m/it/10 , and for ev-ery $\OML/cmm/m/it/10 V \OMS/cmsy/m/n/10 2 C\OT1/cmr/m/n/10 (\OMS/cmsy/m/n/10 U\OT1/cmr/m/n/10 )$\OT1/cmr/m/it/10 , the map $\OT1/cmr/m/n/10 [^^F[]\OML/cmm/m/it/10 X[]; G\OT1/cmr/m/n/10 ][] [][]\OMS/cmsy/m/n/10 !
 []


LaTeX Warning: Citation 'SO12veff' on page 12 undefined on input line 447.


LaTeX Warning: Reference `prop:1.1' on page 12 undefined on input line 447.


LaTeX Warning: Reference `thm:2.2' on page 12 undefined on input line 456.


LaTeX Warning: Reference `thm:1.1' on page 12 undefined on input line 456.



[12]

LaTeX Warning: Reference `prop:2.3' on page 13 undefined on input line 467.


LaTeX Warning: Reference `part:1' on page 13 undefined on input line 472.


LaTeX Warning: Citation 'may67simpob' on page 13 undefined on input line 478.


LaTeX Warning: Citation 'may67simpob' on page 13 undefined on input line 478.


LaTeX Warning: Citation 'May72' on page 13 undefined on input line 478.



[13]

LaTeX Warning: Citation 'May09Einfty' on page 14 undefined on input line 487.


LaTeX Warning: Citation 'reedy73' on page 14 undefined on input line 488.


LaTeX Warning: Citation 'may74perm' on page 14 undefined on input line 488.


LaTeX Warning: Citation 'Brown06topgrp' on page 14 undefined on input line 494.

<xymatrix 4x4 582> <xymatrix 2x2 164>

LaTeX Warning: Reference `thm:3.1' on page 14 undefined on input line 514.



[14] <xymatrix 3x2 298>

LaTeX Warning: Reference `thm:3.1' on page 15 undefined on input line 518.


LaTeX Warning: Reference `prop:3.2' on page 15 undefined on input line 521.


Underfull \hbox (badness 10000) in paragraph at lines 531--532

 []


LaTeX Warning: Reference `prop:3.5' on page 15 undefined on input line 533.



[15]
Package hyperref Info: bookmark level for unknown todo defaults to 0 on input line 542.


LaTeX Warning: Reference `lem:3.1' on page 16 undefined on input line 544.


LaTeX Warning: Reference `prop:3.5' on page 16 undefined on input line 544.


LaTeX Warning: Reference `prop:3.5' on page 16 undefined on input line 544.


LaTeX Warning: Reference `prop:2.1' on page 16 undefined on input line 544.


Underfull \hbox (badness 10000) in paragraph at lines 544--545

 []


LaTeX Warning: Reference `lem:3.1' on page 16 undefined on input line 546.

<xymatrix 3x2 306> <xymatrix 3x1 89>

LaTeX Warning: Reference `prop:3.1' on page 16 undefined on input line 558.


Underfull \hbox (badness 10000) in paragraph at lines 558--559

 []



[16]

LaTeX Warning: Citation 'anderson78fib' on page 17 undefined on input line 560.

<xymatrix 3x1 89> <xymatrix 3x1 89>
LaTeX Font Info:    Trying to load font information for U+eus on input line 567.
 (/Users/ajaysrinivasan/Library/Application Support/MiKTeX/texmfs/install/tex/latex/amsfonts/ueus.fd
File: ueus.fd 2013/01/14 v3.01 Euler Script
)
Underfull \hbox (badness 10000) in paragraph at lines 569--571

 []



[17]

LaTeX Warning: Citation 'Barratt1974oper' on page 18 undefined on input line 580.


LaTeX Warning: Citation 'Barratt1974oper2' on page 18 undefined on input line 580.


LaTeX Warning: Citation 'kong2024group' on page 18 undefined on input line 580.


LaTeX Warning: Citation 'Barratt1974oper2' on page 18 undefined on input line 589.


Overfull \hbox (56.99313pt too wide) in paragraph at lines 589--590
[]\OT1/cmr/m/n/10 The fol-low-ing re-sult con-nects our con-cep-tual def-i-ni-tion to the con-text of [[]]. 
 []


Underfull \hbox (badness 10000) in paragraph at lines 598--599

 []

<xymatrix 3x2 231> <xymatrix 3x2 149> <xymatrix 3x2 231> <xymatrix 3x2 149>

[18]

LaTeX Warning: Empty bibliography on input line 642.



[19] (draft.aux)
 ***********
LaTeX2e <2024-06-01> patch level 2
L3 programming layer <2024-08-16>
 ***********


LaTeX Warning: There were undefined references.


LaTeX Warning: Label(s) may have changed. Rerun to get cross-references right.


Package rerunfilecheck Warning: File `draft.out' has changed.
(rerunfilecheck)                Rerun to get outlines right
(rerunfilecheck)                or use package `bookmark'.

Package rerunfilecheck Info: Checksums for `draft.out':
(rerunfilecheck)             Before: <no file>
(rerunfilecheck)             After:  909350750D6034647B3CE6C432BFD6CB;2897.

Package biblatex Warning: Please (re)run Biber on the file:
(biblatex)                draft
(biblatex)                and rerun LaTeX afterwards.

Package logreq Info: Writing requests to 'draft.run.xml'.
\openout1 = `draft.run.xml'.

 ) 
Here is how much of TeX's memory you used:
 33073 strings out of 473899
 624305 string characters out of 5713796
 1957957 words of memory out of 5000000
 55204 multiletter control sequences out of 15000+600000
 568885 words of font info for 82 fonts, out of 8000000 for 9000
 1302 hyphenation exceptions out of 8191
 98i,21n,101p,2663b,1342s stack positions out of 10000i,1000n,20000p,200000b,200000s
</Users/ajaysrinivasan/Library/Application Support/MiKTeX/texmfs/install/fonts/type1/public/amsfonts/cm/cmbx10.pfb></Users/ajaysrinivasan/Library/Application Support/MiKTeX/texmfs/install/fonts/type1/public/amsfonts/cm/cmbx8.pfb></Users/ajaysrinivasan/Library/Application Support/MiKTeX/texmfs/install/fonts/type1/public/amsfonts/cm/cmcsc10.pfb></Users/ajaysrinivasan/Library/Application Support/MiKTeX/texmfs/install/fonts/type1/public/amsfonts/cm/cmex10.pfb></Users/ajaysrinivasan/Library/Application Support/MiKTeX/texmfs/install/fonts/type1/public/amsfonts/cm/cmmi10.pfb></Users/ajaysrinivasan/Library/Application Support/MiKTeX/texmfs/install/fonts/type1/public/amsfonts/cm/cmmi5.pfb></Users/ajaysrinivasan/Library/Application Support/MiKTeX/texmfs/install/fonts/type1/public/amsfonts/cm/cmmi7.pfb></Users/ajaysrinivasan/Library/Application Support/MiKTeX/texmfs/install/fonts/type1/public/amsfonts/cm/cmmi8.pfb></Users/ajaysrinivasan/Library/Application Support/MiKTeX/texmfs/install/fonts/type1/public/amsfonts/cm/cmr10.pfb></Users/ajaysrinivasan/Library/Application Support/MiKTeX/texmfs/install/fonts/type1/public/amsfonts/cm/cmr5.pfb></Users/ajaysrinivasan/Library/Application Support/MiKTeX/texmfs/install/fonts/type1/public/amsfonts/cm/cmr7.pfb></Users/ajaysrinivasan/Library/Application Support/MiKTeX/texmfs/install/fonts/type1/public/amsfonts/cm/cmr8.pfb></Users/ajaysrinivasan/Library/Application Support/MiKTeX/texmfs/install/fonts/type1/public/amsfonts/cm/cmsy10.pfb></Users/ajaysrinivasan/Library/Application Support/MiKTeX/texmfs/install/fonts/type1/public/amsfonts/cm/cmsy5.pfb></Users/ajaysrinivasan/Library/Application Support/MiKTeX/texmfs/install/fonts/type1/public/amsfonts/cm/cmsy7.pfb></Users/ajaysrinivasan/Library/Application Support/MiKTeX/texmfs/install/fonts/type1/public/amsfonts/cm/cmsy8.pfb></Users/ajaysrinivasan/Library/Application Support/MiKTeX/texmfs/install/fonts/type1/public/amsfonts/cm/cmti10.pfb></Users/ajaysrinivasan/Library/Application Support/MiKTeX/texmfs/install/fonts/type1/public/amsfonts/cm/cmti8.pfb></Users/ajaysrinivasan/Library/Application Support/MiKTeX/texmfs/install/fonts/type1/public/amsfonts/cm/cmtt8.pfb></Users/ajaysrinivasan/Library/Application Support/MiKTeX/texmfs/install/fonts/type1/public/amsfonts/euler/eusm10.pfb></Users/ajaysrinivasan/Library/Application Support/MiKTeX/texmfs/install/fonts/type1/public/amsfonts/symbols/msam10.pfb></Users/ajaysrinivasan/Library/Application Support/MiKTeX/texmfs/install/fonts/type1/public/amsfonts/symbols/msbm10.pfb></Users/ajaysrinivasan/Library/Application Support/MiKTeX/texmfs/install/fonts/type1/public/amsfonts/symbols/msbm5.pfb></Users/ajaysrinivasan/Library/Application Support/MiKTeX/texmfs/install/fonts/type1/public/amsfonts/symbols/msbm7.pfb></Users/ajaysrinivasan/Library/Application Support/MiKTeX/texmfs/install/fonts/type1/public/rsfs/rsfs10.pfb></Users/ajaysrinivasan/Library/Application Support/MiKTeX/texmfs/install/fonts/type1/public/xypic/xyatip10.pfb></Users/ajaysrinivasan/Library/Application Support/MiKTeX/texmfs/install/fonts/type1/public/xypic/xybtip10.pfb>
Output written on draft.pdf (19 pages, 428862 bytes).
PDF statistics:
 324 PDF objects out of 1000 (max. 8388607)
 95 named destinations out of 1000 (max. 500000)
 13 words of extra memory for PDF output out of 10000 (max. 10000000)

